TN:
SF:src/functions/aiAssistant.ts
FN:9,aiChat
FN:63,(anonymous_1)
FN:63,(anonymous_2)
FNF:3
FNH:0
FNDA:0,aiChat
FNDA:0,(anonymous_1)
FNDA:0,(anonymous_2)
DA:1,0
DA:2,0
DA:9,0
DA:13,0
DA:14,0
DA:16,0
DA:17,0
DA:20,0
DA:21,0
DA:23,0
DA:40,0
DA:41,0
DA:46,0
DA:57,0
DA:58,0
DA:59,0
DA:62,0
DA:63,0
DA:66,0
DA:67,0
DA:69,0
DA:72,0
DA:81,0
DA:82,0
DA:86,0
LF:25
LH:0
BRDA:14,0,0,0
BRDA:16,1,0,0
BRDA:57,2,0,0
BRDA:63,3,0,0
BRDA:63,3,1,0
BRDA:76,4,0,0
BRDA:76,4,1,0
BRF:7
BRH:0
end_of_record
TN:
SF:src/functions/parkingRequests.ts
FN:10,errorResponse
FN:26,listParkingRequests
FN:35,getParkingRequest
FN:48,createParkingRequest
FN:62,updateParkingRequestStatus
FN:76,deleteParkingRequest
FN:90,healthCheck
FNF:7
FNH:6
FNDA:8,errorResponse
FNDA:2,listParkingRequests
FNDA:3,getParkingRequest
FNDA:10,createParkingRequest
FNDA:6,updateParkingRequestStatus
FNDA:3,deleteParkingRequest
FNDA:0,healthCheck
DA:1,1
DA:2,1
DA:11,8
DA:12,1
DA:13,7
DA:14,4
DA:15,3
DA:16,1
DA:17,2
DA:18,2
DA:20,0
DA:21,0
DA:26,1
DA:30,2
DA:35,1
DA:39,3
DA:40,3
DA:42,2
DA:48,1
DA:52,10
DA:53,10
DA:54,10
DA:56,1
DA:62,1
DA:66,6
DA:67,6
DA:68,6
DA:70,3
DA:76,1
DA:80,3
DA:81,3
DA:82,1
DA:84,2
DA:90,1
DA:94,0
DA:102,1
DA:109,1
DA:116,1
DA:123,1
DA:130,1
DA:137,1
LF:41
LH:38
BRDA:11,0,0,1
BRDA:13,1,0,4
BRDA:15,2,0,1
BRDA:17,3,0,2
BRF:4
BRH:4
end_of_record
TN:
SF:src/models/ParkingRequest.ts
FN:20,isFinalState
FN:24,isValidTransition
FNF:2
FNH:2
FNDA:25,isFinalState
FNDA:18,isValidTransition
DA:10,2
DA:18,2
DA:20,2
DA:21,25
DA:24,2
DA:25,18
LF:6
LH:6
BRDA:25,0,0,18
BRDA:25,0,1,0
BRF:2
BRH:1
end_of_record
TN:
SF:src/services/ParkingRequestRepository.ts
FN:14,(anonymous_0)
FN:21,(anonymous_1)
FN:28,(anonymous_2)
FN:35,(anonymous_3)
FN:47,(anonymous_4)
FN:48,(anonymous_5)
FN:50,validateCreate
FN:66,findAll
FN:68,(anonymous_8)
FN:72,findById
FN:78,create
FN:98,updateStatus
FN:115,deleteById
FN:121,clearStore
FN:127,seed
FNF:15
FNH:14
FNDA:8,(anonymous_0)
FNDA:2,(anonymous_1)
FNDA:5,(anonymous_2)
FNDA:5,(anonymous_3)
FNDA:40,(anonymous_4)
FNDA:24,(anonymous_5)
FNDA:29,validateCreate
FNDA:4,findAll
FNDA:2,(anonymous_8)
FNDA:35,findById
FNDA:29,create
FNDA:23,updateStatus
FNDA:6,deleteById
FNDA:34,clearStore
FNDA:0,seed
DA:1,2
DA:2,2
DA:13,2
DA:15,8
DA:16,8
DA:20,2
DA:22,2
DA:23,2
DA:27,2
DA:29,5
DA:30,5
DA:34,2
DA:36,5
DA:37,5
DA:43,2
DA:47,40
DA:48,24
DA:51,29
DA:54,29
DA:55,135
DA:57,26
DA:58,26
DA:59,26
DA:60,25
DA:61,25
DA:66,2
DA:67,4
DA:68,2
DA:72,2
DA:73,35
DA:74,35
DA:75,27
DA:78,2
DA:79,29
DA:80,24
DA:81,24
DA:94,24
DA:95,24
DA:98,2
DA:99,23
DA:100,21
DA:101,18
DA:102,2
DA:104,16
DA:111,16
DA:112,16
DA:115,2
DA:116,6
DA:117,4
DA:118,2
DA:121,2
DA:122,34
DA:127,2
DA:128,0
DA:153,0
DA:154,0
DA:155,0
DA:156,0
LF:58
LH:53
BRDA:55,0,0,3
BRDA:59,1,0,1
BRDA:60,2,0,0
BRDA:61,3,0,1
BRDA:74,4,0,8
BRDA:100,5,0,3
BRDA:101,6,0,2
BRDA:107,7,0,16
BRDA:107,7,1,14
BRDA:108,8,0,16
BRDA:108,8,1,16
BRDA:117,9,0,2
BRDA:155,10,0,0
BRF:13
BRH:11
end_of_record
